Wed, 09 Sep 2020 12:28:58 GMT | ERROR  | HTTP 404: ask for:  http://localhost:3000/salut
Fri, 11 Sep 2020 12:38:51 GMT | ERROR  | HTTP 404: ask for:  http://localhost:3000/todo/localhost:3000/todos
Fri, 11 Sep 2020 12:47:30 GMT | ERROR  | HTTP 404: ask for:  http://localhost:3000/todo//5f5b669bf5aece6e28bc6ae4
Fri, 11 Sep 2020 13:06:19 GMT | ERROR  | HTTP 404: ask for:  http://localhost:3000/todo
Fri, 11 Sep 2020 13:29:38 GMT | ERROR  | HTTP 404: ask for:  http://localhost:3000/api/v1/todos
Fri, 11 Sep 2020 13:30:20 GMT | ERROR  | HTTP 404: ask for:  http://localhost:3000/todo/5f5b66d87f7ca98278b591f0
Fri, 11 Sep 2020 14:19:38 GMT | ERROR  | HTTP 404: ask for:  http://localhost:3000/api/v1/resource
Fri, 11 Sep 2020 14:26:21 GMT | ERROR  | HTTP 404: ask for:  http://localhost:3000/api/v1/resource
Fri, 11 Sep 2020 14:30:03 GMT | ERROR  | HTTP 404: ask for:  http://localhost:3000/api/v1/resource
Fri, 11 Sep 2020 14:30:47 GMT | ERROR  | HTTP 404: ask for:  http://localhost:3000/api/v1/resources
Fri, 11 Sep 2020 14:31:00 GMT | ERROR  | HTTP 404: ask for:  http://localhost:3000/api/v1/resources
Fri, 11 Sep 2020 14:31:02 GMT | ERROR  | HTTP 404: ask for:  http://localhost:3000/api/v1/resources
Mon, 14 Sep 2020 12:52:16 GMT | ERROR  | HTTP 404: ask for:  http://localhost:3000/api/v1/
Mon, 14 Sep 2020 12:55:16 GMT | ERROR  | HTTP 404: ask for:  http://localhost:3000/api/v1/pizza
Mon, 14 Sep 2020 12:56:21 GMT | ERROR  | HTTP 404: ask for:  http://localhost:3000/api/v1/pizza
Mon, 14 Sep 2020 12:56:46 GMT | ERROR  | HTTP 404: ask for:  http://localhost:3000/api/v1/pizza
Mon, 14 Sep 2020 13:20:26 GMT | ERROR  | HTTP 404: ask for:  http://localhost:3000/api/v1/ingredients
Mon, 14 Sep 2020 13:20:37 GMT | ERROR  | HTTP 404: ask for:  http://localhost:3000/api/v1/ingredients
Mon, 14 Sep 2020 13:20:44 GMT | ERROR  | HTTP 404: ask for:  http://localhost:3000/api/v1/ingredients
Mon, 14 Sep 2020 13:22:19 GMT | ERROR  | HTTP 404: ask for:  http://localhost:3000/api/v1/ingredients
Mon, 14 Sep 2020 13:22:24 GMT | ERROR  | HTTP 404: ask for:  http://localhost:3000/api/v1/pizzas
Mon, 14 Sep 2020 13:22:51 GMT | ERROR  | HTTP 404: ask for:  http://localhost:3000/api/v1/pizzas
Mon, 14 Sep 2020 13:24:06 GMT | ERROR  | HTTP 404: ask for:  http://localhost:3000/api/v1/pizzas
Mon, 14 Sep 2020 13:24:25 GMT | ERROR  | HTTP 404: ask for:  http://localhost:3000/api/v1/ingerdients
Mon, 14 Sep 2020 14:01:19 GMT | ERROR  | HTTP 404: ask for:  http://localhost:3000/addIngredients/5f5f70e0091bc36a180ff100
Mon, 14 Sep 2020 14:01:46 GMT | ERROR  | HTTP 404: ask for:  http://localhost:3000/addIngredients/5f5f70e0091bc36a180ff100
Mon, 14 Sep 2020 14:02:00 GMT | ERROR  | HTTP 404: ask for:  http://localhost:3000/addIngredients/5f5f70e0091bc36a180ff100
Mon, 14 Sep 2020 14:02:48 GMT | ERROR  | HTTP 404: ask for:  http://localhost:3000/addIngredients/5f5f70e0091bc36a180ff100
Mon, 14 Sep 2020 14:03:17 GMT | ERROR  | HTTP 404: ask for:  http://localhost:3000/addIngredients/5f5f70e0091bc36a180ff100
Mon, 14 Sep 2020 14:04:08 GMT | ERROR  | HTTP 404: ask for:  http://localhost:3000/addIngredients/5f5f70e0091bc36a180ff100
Mon, 14 Sep 2020 14:04:21 GMT | ERROR  | HTTP 404: ask for:  http://localhost:3000/addIngredients/
Mon, 14 Sep 2020 14:06:27 GMT | ERROR  | HTTP 404: ask for:  http://localhost:3000/api/v1/ingredient
Mon, 14 Sep 2020 14:11:01 GMT | ERROR  | HTTP 404: ask for:  http://localhost:3000/api/v1/addIngredients/
Mon, 14 Sep 2020 15:28:05 GMT | ERROR  | HTTP 404: ask for:  http://localhost:3000/api/v1/clients
Mon, 14 Sep 2020 15:28:08 GMT | ERROR  | HTTP 404: ask for:  http://localhost:3000/api/v1/clients
Wed, 30 Sep 2020 06:04:49 GMT | ERROR  | HTTP 404: ask for:  http://localhost:3000/api/v1/pizzas
Wed, 30 Sep 2020 07:22:59 GMT | ERROR  | HTTP 404: ask for:  http://localhost:3000/api/v1/ingerdients
Wed, 30 Sep 2020 07:37:44 GMT | ERROR  | HTTP 404: ask for:  http://localhost:3000/api/v1/commandes
Wed, 30 Sep 2020 08:39:05 GMT | ERROR  | HTTP 404: ask for:  http://localhost:3000/api/v1/pizzas
Wed, 30 Sep 2020 08:39:42 GMT | ERROR  | HTTP 404: ask for:  http://localhost:3000/api/v1/pizzas
Wed, 30 Sep 2020 09:11:21 GMT | ERROR  | HTTP 404: ask for:  http://localhost:3000/api/v1/clietn/5f744884c7217587545913d3
Fri, 02 Oct 2020 15:24:11 GMT | ERROR  | HTTP 404: ask for:  http://localhost:3000/api/v1/delIngrediant/5f77451145bb813b08de3502
Mon, 19 Oct 2020 13:01:45 GMT | ERROR  | HTTP 404: ask for:  http://localhost:3000/favicon.ico
Mon, 19 Oct 2020 13:19:25 GMT | ERROR  | HTTP 404: ask for:  http://localhost:3000/api/v1/pizz
Mon, 19 Oct 2020 13:24:41 GMT | ERROR  | HTTP 404: ask for:  http://localhost:3000//api/v1/ingredient
Mon, 19 Oct 2020 13:24:45 GMT | ERROR  | HTTP 404: ask for:  http://localhost:3000/api/v1/ingredient
Mon, 19 Oct 2020 13:24:54 GMT | ERROR  | HTTP 404: ask for:  http://localhost:3000/api/v1/pizzzas
Mon, 26 Oct 2020 13:33:45 GMT | ERROR  | HTTP 404: ask for:  http://localhost:3000/favicon.ico
