Fri, 02 Oct 2020 09:28:48 GMT | INFO  | Server is running on port: 3000
Fri, 02 Oct 2020 09:28:48 GMT | INFO  | Connected to database
Fri, 02 Oct 2020 15:04:46 GMT | INFO  | Server is running on port: 3000
Fri, 02 Oct 2020 15:04:46 GMT | INFO  | Connected to database
Fri, 02 Oct 2020 15:13:55 GMT | INFO  | Server is running on port: 3000
Fri, 02 Oct 2020 15:13:55 GMT | INFO  | Connected to database
Fri, 02 Oct 2020 15:14:42 GMT | INFO  | Server is running on port: 3000
Fri, 02 Oct 2020 15:14:43 GMT | INFO  | Connected to database
Fri, 02 Oct 2020 15:21:30 GMT | INFO  | Server is running on port: 3000
Fri, 02 Oct 2020 15:21:30 GMT | INFO  | Connected to database
Fri, 02 Oct 2020 15:22:25 GMT | INFO  | Server is running on port: 3000
Fri, 02 Oct 2020 15:22:25 GMT | INFO  | Connected to database
Fri, 02 Oct 2020 15:22:42 GMT | INFO  | Server is running on port: 3000
Fri, 02 Oct 2020 15:22:42 GMT | INFO  | Connected to database
Fri, 02 Oct 2020 15:23:42 GMT | INFO  | Server is running on port: 3000
Fri, 02 Oct 2020 15:23:42 GMT | INFO  | Connected to database
Fri, 02 Oct 2020 15:23:50 GMT | INFO  | Server is running on port: 3000
Fri, 02 Oct 2020 15:23:50 GMT | INFO  | Connected to database
Fri, 02 Oct 2020 15:24:08 GMT | INFO  | Server is running on port: 3000
Fri, 02 Oct 2020 15:24:08 GMT | INFO  | Connected to database
Fri, 02 Oct 2020 15:25:23 GMT | INFO  | Server is running on port: 3000
Fri, 02 Oct 2020 15:25:23 GMT | INFO  | Connected to database
Fri, 02 Oct 2020 15:26:35 GMT | INFO  | Server is running on port: 3000
Fri, 02 Oct 2020 15:26:35 GMT | INFO  | Connected to database
Fri, 02 Oct 2020 15:28:16 GMT | INFO  | Server is running on port: 3000
Fri, 02 Oct 2020 15:28:16 GMT | INFO  | Connected to database
Fri, 02 Oct 2020 15:28:30 GMT | INFO  | Server is running on port: 3000
Fri, 02 Oct 2020 15:28:30 GMT | INFO  | Connected to database
Fri, 02 Oct 2020 15:29:17 GMT | INFO  | Server is running on port: 3000
Fri, 02 Oct 2020 15:29:17 GMT | INFO  | Connected to database
Wed, 14 Oct 2020 14:22:05 GMT | INFO  | Server is running on port: 3000
Wed, 14 Oct 2020 14:22:05 GMT | INFO  | Connected to database
Wed, 14 Oct 2020 15:13:43 GMT | INFO  | Server is running on port: 3000
Wed, 14 Oct 2020 15:13:43 GMT | INFO  | Connected to database
Mon, 19 Oct 2020 11:16:46 GMT | INFO  | Server is running on port: 3000
Mon, 19 Oct 2020 11:16:46 GMT | INFO  | Connected to database
Mon, 19 Oct 2020 12:57:14 GMT | INFO  | Server is running on port: 3000
Mon, 19 Oct 2020 12:57:14 GMT | INFO  | Connected to database
Mon, 19 Oct 2020 13:06:43 GMT | INFO  | Server is running on port: 3000
Mon, 19 Oct 2020 13:06:43 GMT | INFO  | Connected to database
Mon, 19 Oct 2020 13:16:02 GMT | INFO  | Server is running on port: 3000
Mon, 19 Oct 2020 13:16:02 GMT | INFO  | Connected to database
Mon, 19 Oct 2020 13:19:10 GMT | INFO  | Server is running on port: 3000
Mon, 19 Oct 2020 13:19:10 GMT | INFO  | Connected to database
Mon, 19 Oct 2020 13:20:02 GMT | INFO  | Server is running on port: 3000
Mon, 19 Oct 2020 13:20:02 GMT | INFO  | Connected to database
Mon, 19 Oct 2020 13:20:27 GMT | INFO  | Server is running on port: 3000
Mon, 19 Oct 2020 13:20:27 GMT | INFO  | Connected to database
Mon, 26 Oct 2020 13:29:49 GMT | INFO  | Server is running on port: 3000
Mon, 26 Oct 2020 13:29:50 GMT | INFO  | Connected to database
Wed, 28 Oct 2020 10:21:43 GMT | INFO  | Server is running on port: 3000
Wed, 28 Oct 2020 10:21:43 GMT | INFO  | Connected to database
Wed, 28 Oct 2020 10:25:26 GMT | INFO  | Server is running on port: 3000
Wed, 28 Oct 2020 10:25:26 GMT | INFO  | Connected to database
Wed, 28 Oct 2020 14:27:27 GMT | INFO  | Server is running on port: 3000
Wed, 28 Oct 2020 14:27:27 GMT | INFO  | Connected to database
Thu, 05 Nov 2020 07:05:24 GMT | INFO  | Server is running on port: 3000
Thu, 05 Nov 2020 07:05:24 GMT | INFO  | Connected to database
Thu, 05 Nov 2020 09:56:23 GMT | INFO  | Server is running on port: 3000
Thu, 05 Nov 2020 09:56:23 GMT | INFO  | Connected to database
Thu, 05 Nov 2020 09:57:08 GMT | INFO  | Server is running on port: 3000
Thu, 05 Nov 2020 09:57:08 GMT | INFO  | Connected to database
Thu, 05 Nov 2020 09:58:15 GMT | INFO  | Server is running on port: 3000
Thu, 05 Nov 2020 09:58:15 GMT | INFO  | Connected to database
Sun, 15 Nov 2020 09:02:45 GMT | INFO  | Server is running on port: 3000
Sun, 15 Nov 2020 09:02:45 GMT | INFO  | Connected to database
Sat, 21 Nov 2020 12:28:10 GMT | INFO  | Server is running on port: 3000
Sat, 21 Nov 2020 12:28:10 GMT | INFO  | Connected to database
Sat, 21 Nov 2020 12:31:04 GMT | INFO  | Server is running on port: 3000
Sat, 21 Nov 2020 12:31:04 GMT | INFO  | Connected to database
Sat, 21 Nov 2020 12:32:05 GMT | INFO  | Server is running on port: 3000
Sat, 21 Nov 2020 12:32:05 GMT | INFO  | Connected to database
Sat, 21 Nov 2020 12:32:16 GMT | INFO  | Server is running on port: 3000
Sat, 21 Nov 2020 12:32:16 GMT | INFO  | Connected to database
Sat, 21 Nov 2020 12:34:05 GMT | INFO  | Server is running on port: 3000
Sat, 21 Nov 2020 12:34:05 GMT | INFO  | Connected to database
Sat, 21 Nov 2020 12:34:32 GMT | INFO  | Server is running on port: 3000
Sat, 21 Nov 2020 12:34:32 GMT | INFO  | Connected to database
Sat, 21 Nov 2020 12:38:19 GMT | INFO  | Server is running on port: 3000
Sat, 21 Nov 2020 12:38:19 GMT | INFO  | Connected to database
Sat, 21 Nov 2020 12:39:31 GMT | INFO  | Server is running on port: 3000
Sat, 21 Nov 2020 12:39:31 GMT | INFO  | Connected to database
Sat, 21 Nov 2020 12:40:17 GMT | INFO  | Server is running on port: 3000
Sat, 21 Nov 2020 12:40:17 GMT | INFO  | Connected to database
Sat, 21 Nov 2020 12:42:34 GMT | INFO  | Server is running on port: 3000
Sat, 21 Nov 2020 12:42:34 GMT | INFO  | Connected to database
Sat, 21 Nov 2020 12:43:41 GMT | INFO  | Server is running on port: 3000
Sat, 21 Nov 2020 12:43:42 GMT | INFO  | Connected to database
Sat, 21 Nov 2020 12:46:15 GMT | INFO  | Server is running on port: 3000
Sat, 21 Nov 2020 12:46:16 GMT | INFO  | Connected to database
Sat, 21 Nov 2020 12:48:49 GMT | INFO  | Server is running on port: 3000
Sat, 21 Nov 2020 12:48:49 GMT | INFO  | Connected to database
Sat, 21 Nov 2020 12:51:35 GMT | INFO  | Server is running on port: 3000
Sat, 21 Nov 2020 12:51:35 GMT | INFO  | Connected to database
Sat, 21 Nov 2020 12:52:24 GMT | INFO  | Server is running on port: 3000
Sat, 21 Nov 2020 12:52:24 GMT | INFO  | Connected to database
Sat, 21 Nov 2020 12:59:36 GMT | INFO  | Server is running on port: 3000
Sat, 21 Nov 2020 12:59:36 GMT | INFO  | Connected to database
Sat, 21 Nov 2020 13:02:06 GMT | INFO  | Server is running on port: 3000
Sat, 21 Nov 2020 13:02:06 GMT | INFO  | Connected to database
Sat, 21 Nov 2020 13:02:31 GMT | INFO  | Server is running on port: 3000
Sat, 21 Nov 2020 13:02:31 GMT | INFO  | Connected to database
Sat, 21 Nov 2020 13:02:41 GMT | INFO  | Server is running on port: 3000
Sat, 21 Nov 2020 13:02:41 GMT | INFO  | Connected to database
Sat, 21 Nov 2020 13:04:16 GMT | INFO  | Server is running on port: 3000
Sat, 21 Nov 2020 13:04:16 GMT | INFO  | Connected to database
Sat, 21 Nov 2020 13:04:55 GMT | INFO  | Server is running on port: 3000
Sat, 21 Nov 2020 13:04:55 GMT | INFO  | Connected to database
Sat, 21 Nov 2020 13:06:00 GMT | INFO  | Server is running on port: 3000
Sat, 21 Nov 2020 13:06:00 GMT | INFO  | Connected to database
Sat, 21 Nov 2020 13:06:29 GMT | INFO  | Server is running on port: 3000
Sat, 21 Nov 2020 13:06:29 GMT | INFO  | Connected to database
Sat, 21 Nov 2020 13:09:29 GMT | INFO  | Server is running on port: 3000
Sat, 21 Nov 2020 13:09:29 GMT | INFO  | Connected to database
Sat, 21 Nov 2020 13:09:32 GMT | INFO  | Server is running on port: 3000
Sat, 21 Nov 2020 13:09:32 GMT | INFO  | Connected to database
Sat, 21 Nov 2020 13:09:54 GMT | INFO  | Server is running on port: 3000
Sat, 21 Nov 2020 13:09:54 GMT | INFO  | Connected to database
Sat, 21 Nov 2020 13:10:41 GMT | INFO  | Server is running on port: 3000
Sat, 21 Nov 2020 13:10:41 GMT | INFO  | Connected to database
Sat, 21 Nov 2020 13:11:18 GMT | INFO  | Server is running on port: 3000
Sat, 21 Nov 2020 13:11:18 GMT | INFO  | Connected to database
Sat, 21 Nov 2020 13:11:29 GMT | INFO  | Server is running on port: 3000
Sat, 21 Nov 2020 13:11:29 GMT | INFO  | Connected to database
Sat, 21 Nov 2020 13:11:41 GMT | INFO  | Server is running on port: 3000
Sat, 21 Nov 2020 13:11:41 GMT | INFO  | Connected to database
Sat, 21 Nov 2020 13:12:37 GMT | INFO  | Server is running on port: 3000
Sat, 21 Nov 2020 13:12:37 GMT | INFO  | Connected to database
Sat, 21 Nov 2020 13:13:28 GMT | INFO  | Server is running on port: 3000
Sat, 21 Nov 2020 13:13:28 GMT | INFO  | Connected to database
Sat, 21 Nov 2020 13:14:46 GMT | INFO  | Server is running on port: 3000
Sat, 21 Nov 2020 13:14:46 GMT | INFO  | Connected to database
Sat, 21 Nov 2020 13:15:02 GMT | INFO  | Server is running on port: 3000
Sat, 21 Nov 2020 13:15:02 GMT | INFO  | Connected to database
Sat, 21 Nov 2020 13:15:29 GMT | INFO  | Server is running on port: 3000
Sat, 21 Nov 2020 13:15:29 GMT | INFO  | Connected to database
Sat, 21 Nov 2020 13:15:42 GMT | INFO  | Server is running on port: 3000
Sat, 21 Nov 2020 13:15:42 GMT | INFO  | Connected to database
Sat, 21 Nov 2020 13:19:16 GMT | INFO  | Server is running on port: 3000
Sat, 21 Nov 2020 13:19:16 GMT | INFO  | Connected to database
Sat, 21 Nov 2020 13:19:57 GMT | INFO  | Server is running on port: 3000
Sat, 21 Nov 2020 13:19:57 GMT | INFO  | Connected to database
Sat, 21 Nov 2020 13:21:48 GMT | INFO  | Server is running on port: 3000
Sat, 21 Nov 2020 13:21:48 GMT | INFO  | Connected to database
Sat, 21 Nov 2020 13:22:04 GMT | INFO  | Server is running on port: 3000
Sat, 21 Nov 2020 13:22:04 GMT | INFO  | Connected to database
Sat, 21 Nov 2020 13:23:03 GMT | INFO  | Server is running on port: 3000
Sat, 21 Nov 2020 13:23:03 GMT | INFO  | Connected to database
Sat, 21 Nov 2020 13:23:47 GMT | INFO  | Server is running on port: 3000
Sat, 21 Nov 2020 13:23:47 GMT | INFO  | Connected to database
Sat, 21 Nov 2020 13:48:21 GMT | INFO  | Server is running on port: 3000
Sat, 21 Nov 2020 13:48:21 GMT | INFO  | Connected to database
Sat, 21 Nov 2020 14:24:50 GMT | INFO  | Server is running on port: 3000
Sat, 21 Nov 2020 14:24:50 GMT | INFO  | Connected to database
Sat, 21 Nov 2020 14:29:58 GMT | INFO  | Server is running on port: 3000
Sat, 21 Nov 2020 14:29:58 GMT | INFO  | Connected to database
Sat, 21 Nov 2020 14:30:43 GMT | INFO  | Server is running on port: 3000
Sat, 21 Nov 2020 14:30:43 GMT | INFO  | Connected to database
Sat, 21 Nov 2020 14:31:15 GMT | INFO  | Server is running on port: 3000
Sat, 21 Nov 2020 14:31:15 GMT | INFO  | Connected to database
Sat, 21 Nov 2020 14:31:20 GMT | INFO  | Server is running on port: 3000
Sat, 21 Nov 2020 14:31:20 GMT | INFO  | Connected to database
Sat, 21 Nov 2020 14:34:41 GMT | INFO  | Server is running on port: 3000
Sat, 21 Nov 2020 14:34:41 GMT | INFO  | Connected to database
Sat, 21 Nov 2020 14:37:18 GMT | INFO  | Server is running on port: 3000
Sat, 21 Nov 2020 14:37:18 GMT | INFO  | Connected to database
Sat, 21 Nov 2020 14:37:58 GMT | INFO  | Server is running on port: 3000
Sat, 21 Nov 2020 14:37:58 GMT | INFO  | Connected to database
Sat, 21 Nov 2020 14:38:03 GMT | INFO  | Server is running on port: 3000
Sat, 21 Nov 2020 14:38:03 GMT | INFO  | Connected to database
Sat, 21 Nov 2020 14:38:42 GMT | INFO  | Server is running on port: 3000
Sat, 21 Nov 2020 14:38:42 GMT | INFO  | Connected to database
Sat, 21 Nov 2020 14:38:56 GMT | INFO  | Server is running on port: 3000
Sat, 21 Nov 2020 14:38:56 GMT | INFO  | Connected to database
Sat, 21 Nov 2020 14:42:21 GMT | INFO  | Server is running on port: 3000
Sat, 21 Nov 2020 14:42:21 GMT | INFO  | Connected to database
Sat, 21 Nov 2020 14:42:37 GMT | INFO  | Server is running on port: 3000
Sat, 21 Nov 2020 14:42:37 GMT | INFO  | Connected to database
Sat, 21 Nov 2020 14:42:47 GMT | INFO  | Server is running on port: 3000
Sat, 21 Nov 2020 14:42:47 GMT | INFO  | Connected to database
Sat, 21 Nov 2020 14:47:41 GMT | INFO  | Server is running on port: 3000
Sat, 21 Nov 2020 14:47:41 GMT | INFO  | Connected to database
Sat, 21 Nov 2020 14:47:56 GMT | INFO  | Server is running on port: 3000
Sat, 21 Nov 2020 14:47:57 GMT | INFO  | Connected to database
Sat, 21 Nov 2020 14:51:15 GMT | INFO  | Server is running on port: 3000
Sat, 21 Nov 2020 14:51:15 GMT | INFO  | Connected to database
Sat, 21 Nov 2020 14:51:42 GMT | INFO  | Server is running on port: 3000
Sat, 21 Nov 2020 14:51:42 GMT | INFO  | Connected to database
Sat, 21 Nov 2020 14:52:34 GMT | INFO  | Server is running on port: 3000
Sat, 21 Nov 2020 14:52:34 GMT | INFO  | Connected to database
Sat, 21 Nov 2020 14:53:56 GMT | INFO  | Server is running on port: 3000
Sat, 21 Nov 2020 14:53:56 GMT | INFO  | Connected to database
Sat, 21 Nov 2020 14:54:23 GMT | INFO  | Server is running on port: 3000
Sat, 21 Nov 2020 14:54:23 GMT | INFO  | Connected to database
Sat, 21 Nov 2020 14:58:40 GMT | INFO  | Server is running on port: 3000
Sat, 21 Nov 2020 14:58:40 GMT | INFO  | Connected to database
Sat, 21 Nov 2020 15:00:14 GMT | INFO  | Server is running on port: 3000
Sat, 21 Nov 2020 15:00:15 GMT | INFO  | Connected to database
Sat, 21 Nov 2020 15:01:16 GMT | INFO  | Server is running on port: 3000
Sat, 21 Nov 2020 15:01:16 GMT | INFO  | Connected to database
Sat, 21 Nov 2020 15:13:53 GMT | INFO  | Server is running on port: 3000
Sat, 21 Nov 2020 15:13:53 GMT | INFO  | Connected to database
Sat, 21 Nov 2020 15:27:11 GMT | INFO  | Server is running on port: 3000
Sat, 21 Nov 2020 15:27:11 GMT | INFO  | Connected to database
Sat, 21 Nov 2020 15:29:37 GMT | INFO  | Server is running on port: 3000
Sat, 21 Nov 2020 15:29:37 GMT | INFO  | Connected to database
Sat, 21 Nov 2020 15:30:02 GMT | INFO  | Server is running on port: 3000
Sat, 21 Nov 2020 15:30:02 GMT | INFO  | Connected to database
Sat, 21 Nov 2020 15:30:38 GMT | INFO  | Server is running on port: 3000
Sat, 21 Nov 2020 15:30:38 GMT | INFO  | Connected to database
Sat, 21 Nov 2020 15:31:21 GMT | INFO  | Server is running on port: 3000
Sat, 21 Nov 2020 15:31:21 GMT | INFO  | Connected to database
Sat, 21 Nov 2020 15:32:16 GMT | INFO  | Server is running on port: 3000
Sat, 21 Nov 2020 15:32:16 GMT | INFO  | Connected to database
Sat, 21 Nov 2020 15:47:56 GMT | INFO  | Server is running on port: 3000
Sat, 21 Nov 2020 15:47:56 GMT | INFO  | Connected to database
Sat, 21 Nov 2020 15:48:22 GMT | INFO  | Server is running on port: 3000
Sat, 21 Nov 2020 15:48:22 GMT | INFO  | Connected to database
Sat, 21 Nov 2020 15:48:48 GMT | INFO  | Server is running on port: 3000
Sat, 21 Nov 2020 15:48:48 GMT | INFO  | Connected to database
Sat, 28 Nov 2020 13:14:11 GMT | INFO  | Server is running on port: 3000
Sat, 28 Nov 2020 13:14:11 GMT | INFO  | Connected to database
Sat, 28 Nov 2020 14:23:44 GMT | INFO  | Server is running on port: 3000
Sat, 28 Nov 2020 14:23:44 GMT | INFO  | Connected to database
Fri, 04 Dec 2020 12:35:02 GMT | INFO  | Server is running on port: 3000
Fri, 04 Dec 2020 12:35:02 GMT | INFO  | Connected to database
Fri, 04 Dec 2020 12:44:00 GMT | INFO  | Server is running on port: 3000
Fri, 04 Dec 2020 12:44:00 GMT | INFO  | Connected to database
Fri, 04 Dec 2020 12:44:10 GMT | INFO  | Server is running on port: 3000
Fri, 04 Dec 2020 12:44:10 GMT | INFO  | Connected to database
Fri, 04 Dec 2020 12:45:08 GMT | INFO  | Server is running on port: 3000
Fri, 04 Dec 2020 12:45:08 GMT | INFO  | Connected to database
Fri, 04 Dec 2020 12:46:23 GMT | INFO  | Server is running on port: 3000
Fri, 04 Dec 2020 12:46:23 GMT | INFO  | Connected to database
Fri, 04 Dec 2020 12:46:48 GMT | INFO  | Server is running on port: 3000
Fri, 04 Dec 2020 12:46:48 GMT | INFO  | Connected to database
Fri, 04 Dec 2020 12:47:17 GMT | INFO  | Server is running on port: 3000
Fri, 04 Dec 2020 12:47:17 GMT | INFO  | Connected to database
Fri, 04 Dec 2020 12:52:13 GMT | INFO  | Server is running on port: 3000
Fri, 04 Dec 2020 12:52:13 GMT | INFO  | Connected to database
Fri, 04 Dec 2020 12:52:36 GMT | INFO  | Server is running on port: 3000
Fri, 04 Dec 2020 12:52:36 GMT | INFO  | Connected to database
Fri, 04 Dec 2020 12:55:14 GMT | INFO  | Server is running on port: 3000
Fri, 04 Dec 2020 12:55:14 GMT | INFO  | Connected to database
Fri, 04 Dec 2020 12:55:36 GMT | INFO  | Server is running on port: 3000
Fri, 04 Dec 2020 12:55:36 GMT | INFO  | Connected to database
Fri, 04 Dec 2020 12:55:47 GMT | INFO  | Server is running on port: 3000
Fri, 04 Dec 2020 12:55:47 GMT | INFO  | Connected to database
Fri, 04 Dec 2020 13:04:36 GMT | INFO  | Server is running on port: 3000
Fri, 04 Dec 2020 13:04:36 GMT | INFO  | Connected to database
Fri, 04 Dec 2020 13:13:17 GMT | INFO  | Server is running on port: 3000
Fri, 04 Dec 2020 13:13:17 GMT | INFO  | Connected to database
Fri, 04 Dec 2020 13:19:44 GMT | INFO  | Server is running on port: 3000
Fri, 04 Dec 2020 13:19:44 GMT | INFO  | Connected to database
Fri, 04 Dec 2020 13:20:25 GMT | INFO  | Server is running on port: 3000
Fri, 04 Dec 2020 13:20:25 GMT | INFO  | Connected to database
Fri, 04 Dec 2020 13:21:04 GMT | INFO  | Server is running on port: 3000
Fri, 04 Dec 2020 13:21:04 GMT | INFO  | Connected to database
Fri, 04 Dec 2020 13:25:28 GMT | INFO  | Server is running on port: 3000
Fri, 04 Dec 2020 13:25:28 GMT | INFO  | Connected to database
Fri, 04 Dec 2020 13:25:40 GMT | INFO  | Server is running on port: 3000
Fri, 04 Dec 2020 13:25:40 GMT | INFO  | Connected to database
Fri, 04 Dec 2020 13:34:23 GMT | INFO  | Server is running on port: 3000
Fri, 04 Dec 2020 13:34:23 GMT | INFO  | Connected to database
Fri, 04 Dec 2020 13:41:05 GMT | INFO  | Server is running on port: 3000
Fri, 04 Dec 2020 13:41:05 GMT | INFO  | Connected to database
Fri, 04 Dec 2020 13:45:10 GMT | INFO  | Server is running on port: 3000
Fri, 04 Dec 2020 13:45:10 GMT | INFO  | Connected to database
Fri, 04 Dec 2020 14:52:20 GMT | INFO  | Server is running on port: 3000
Fri, 04 Dec 2020 14:52:20 GMT | INFO  | Connected to database
Fri, 04 Dec 2020 15:03:19 GMT | INFO  | Server is running on port: 3000
Fri, 04 Dec 2020 15:03:19 GMT | INFO  | Connected to database
Mon, 07 Dec 2020 09:43:17 GMT | INFO  | Server is running on port: 3000
Mon, 07 Dec 2020 09:43:17 GMT | INFO  | Connected to database
Mon, 07 Dec 2020 14:42:54 GMT | INFO  | Server is running on port: 3000
Mon, 07 Dec 2020 14:42:54 GMT | INFO  | Connected to database
Mon, 07 Dec 2020 16:53:53 GMT | INFO  | Server is running on port: 3000
Mon, 07 Dec 2020 16:53:53 GMT | INFO  | Connected to database
Mon, 07 Dec 2020 16:54:47 GMT | INFO  | Server is running on port: 3000
Mon, 07 Dec 2020 16:54:47 GMT | INFO  | Connected to database
Mon, 07 Dec 2020 17:01:01 GMT | INFO  | Server is running on port: 3000
Mon, 07 Dec 2020 17:01:01 GMT | INFO  | Connected to database
Mon, 07 Dec 2020 17:03:00 GMT | INFO  | Server is running on port: 3000
Mon, 07 Dec 2020 17:03:00 GMT | INFO  | Connected to database
Mon, 07 Dec 2020 17:05:16 GMT | INFO  | Server is running on port: 3000
Mon, 07 Dec 2020 17:05:16 GMT | INFO  | Connected to database
Mon, 07 Dec 2020 17:05:19 GMT | INFO  | Server is running on port: 3000
Mon, 07 Dec 2020 17:05:19 GMT | INFO  | Connected to database
Mon, 07 Dec 2020 17:06:46 GMT | INFO  | Server is running on port: 3000
Mon, 07 Dec 2020 17:06:46 GMT | INFO  | Connected to database
Mon, 07 Dec 2020 17:09:36 GMT | INFO  | Server is running on port: 3000
Mon, 07 Dec 2020 17:09:36 GMT | INFO  | Connected to database
Mon, 07 Dec 2020 17:10:43 GMT | INFO  | Server is running on port: 3000
Mon, 07 Dec 2020 17:10:43 GMT | INFO  | Connected to database
Mon, 07 Dec 2020 17:11:36 GMT | INFO  | Server is running on port: 3000
Mon, 07 Dec 2020 17:11:36 GMT | INFO  | Connected to database
Mon, 07 Dec 2020 17:12:11 GMT | INFO  | Server is running on port: 3000
Mon, 07 Dec 2020 17:12:11 GMT | INFO  | Connected to database
Mon, 07 Dec 2020 17:14:22 GMT | INFO  | Server is running on port: 3000
Mon, 07 Dec 2020 17:14:22 GMT | INFO  | Connected to database
Tue, 08 Dec 2020 13:49:04 GMT | INFO  | Server is running on port: 3000
Tue, 08 Dec 2020 13:49:04 GMT | INFO  | Connected to database
Tue, 08 Dec 2020 13:50:46 GMT | INFO  | Server is running on port: 3000
Tue, 08 Dec 2020 13:50:46 GMT | INFO  | Connected to database
Tue, 08 Dec 2020 13:50:48 GMT | INFO  | Server is running on port: 3000
Tue, 08 Dec 2020 13:50:48 GMT | INFO  | Connected to database
Tue, 08 Dec 2020 13:51:25 GMT | INFO  | Server is running on port: 3000
Tue, 08 Dec 2020 13:51:25 GMT | INFO  | Connected to database
Tue, 08 Dec 2020 13:52:30 GMT | INFO  | Server is running on port: 3000
Tue, 08 Dec 2020 13:52:30 GMT | INFO  | Connected to database
Tue, 08 Dec 2020 13:52:48 GMT | INFO  | Server is running on port: 3000
Tue, 08 Dec 2020 13:52:48 GMT | INFO  | Connected to database
Tue, 08 Dec 2020 13:53:50 GMT | INFO  | Server is running on port: 3000
Tue, 08 Dec 2020 13:53:50 GMT | INFO  | Connected to database
Tue, 08 Dec 2020 13:54:24 GMT | INFO  | Server is running on port: 3000
Tue, 08 Dec 2020 13:54:24 GMT | INFO  | Connected to database
Tue, 08 Dec 2020 13:54:45 GMT | INFO  | Server is running on port: 3000
Tue, 08 Dec 2020 13:54:45 GMT | INFO  | Connected to database
Tue, 08 Dec 2020 13:54:54 GMT | INFO  | Server is running on port: 3000
Tue, 08 Dec 2020 13:54:54 GMT | INFO  | Connected to database
Tue, 08 Dec 2020 13:54:56 GMT | INFO  | Server is running on port: 3000
Tue, 08 Dec 2020 13:54:56 GMT | INFO  | Connected to database
Tue, 08 Dec 2020 13:56:02 GMT | INFO  | Server is running on port: 3000
Tue, 08 Dec 2020 13:56:02 GMT | INFO  | Connected to database
Tue, 08 Dec 2020 13:56:22 GMT | INFO  | Server is running on port: 3000
Tue, 08 Dec 2020 13:56:22 GMT | INFO  | Connected to database
Tue, 08 Dec 2020 13:56:58 GMT | INFO  | Server is running on port: 3000
Tue, 08 Dec 2020 13:56:58 GMT | INFO  | Connected to database
Tue, 08 Dec 2020 13:57:21 GMT | INFO  | Server is running on port: 3000
Tue, 08 Dec 2020 13:57:22 GMT | INFO  | Connected to database
Tue, 08 Dec 2020 13:57:42 GMT | INFO  | Server is running on port: 3000
Tue, 08 Dec 2020 13:57:42 GMT | INFO  | Connected to database
Tue, 08 Dec 2020 13:57:46 GMT | INFO  | Server is running on port: 3000
Tue, 08 Dec 2020 13:57:46 GMT | INFO  | Connected to database
Tue, 08 Dec 2020 13:57:58 GMT | INFO  | Server is running on port: 3000
Tue, 08 Dec 2020 13:57:58 GMT | INFO  | Connected to database
Tue, 08 Dec 2020 13:58:04 GMT | INFO  | Server is running on port: 3000
Tue, 08 Dec 2020 13:58:04 GMT | INFO  | Connected to database
Tue, 08 Dec 2020 13:58:18 GMT | INFO  | Server is running on port: 3000
Tue, 08 Dec 2020 13:58:18 GMT | INFO  | Connected to database
Tue, 08 Dec 2020 13:58:36 GMT | INFO  | Server is running on port: 3000
Tue, 08 Dec 2020 13:58:36 GMT | INFO  | Connected to database
Tue, 08 Dec 2020 13:58:47 GMT | INFO  | Server is running on port: 3000
Tue, 08 Dec 2020 13:58:47 GMT | INFO  | Connected to database
Tue, 08 Dec 2020 13:58:54 GMT | INFO  | Server is running on port: 3000
Tue, 08 Dec 2020 13:58:54 GMT | INFO  | Connected to database
Tue, 08 Dec 2020 13:59:06 GMT | INFO  | Server is running on port: 3000
Tue, 08 Dec 2020 13:59:06 GMT | INFO  | Connected to database
Tue, 08 Dec 2020 14:01:43 GMT | INFO  | Server is running on port: 3000
Tue, 08 Dec 2020 14:01:43 GMT | INFO  | Connected to database
Tue, 08 Dec 2020 14:02:09 GMT | INFO  | Server is running on port: 3000
Tue, 08 Dec 2020 14:02:09 GMT | INFO  | Connected to database
Tue, 08 Dec 2020 14:02:54 GMT | INFO  | Server is running on port: 3000
Tue, 08 Dec 2020 14:02:54 GMT | INFO  | Connected to database
Tue, 08 Dec 2020 14:03:28 GMT | INFO  | Server is running on port: 3000
Tue, 08 Dec 2020 14:03:28 GMT | INFO  | Connected to database
Tue, 08 Dec 2020 14:03:38 GMT | INFO  | Server is running on port: 3000
Tue, 08 Dec 2020 14:03:38 GMT | INFO  | Connected to database
Tue, 08 Dec 2020 14:08:35 GMT | INFO  | Server is running on port: 3000
Tue, 08 Dec 2020 14:08:35 GMT | INFO  | Connected to database
Tue, 08 Dec 2020 14:09:05 GMT | INFO  | Server is running on port: 3000
Tue, 08 Dec 2020 14:09:05 GMT | INFO  | Connected to database
Tue, 08 Dec 2020 14:09:24 GMT | INFO  | Server is running on port: 3000
Tue, 08 Dec 2020 14:09:25 GMT | INFO  | Connected to database
Tue, 08 Dec 2020 14:10:16 GMT | INFO  | Server is running on port: 3000
Tue, 08 Dec 2020 14:10:16 GMT | INFO  | Connected to database
Tue, 08 Dec 2020 14:11:52 GMT | INFO  | Server is running on port: 3000
Tue, 08 Dec 2020 14:11:52 GMT | INFO  | Connected to database
Tue, 08 Dec 2020 14:12:22 GMT | INFO  | Server is running on port: 3000
Tue, 08 Dec 2020 14:12:22 GMT | INFO  | Connected to database
Tue, 08 Dec 2020 14:12:31 GMT | INFO  | Server is running on port: 3000
Tue, 08 Dec 2020 14:12:31 GMT | INFO  | Connected to database
Tue, 08 Dec 2020 14:12:48 GMT | INFO  | Server is running on port: 3000
Tue, 08 Dec 2020 14:12:48 GMT | INFO  | Connected to database
Tue, 08 Dec 2020 14:12:51 GMT | INFO  | Server is running on port: 3000
Tue, 08 Dec 2020 14:12:51 GMT | INFO  | Connected to database
Tue, 08 Dec 2020 14:12:53 GMT | INFO  | Server is running on port: 3000
Tue, 08 Dec 2020 14:12:53 GMT | INFO  | Connected to database
Tue, 08 Dec 2020 14:13:11 GMT | INFO  | Server is running on port: 3000
Tue, 08 Dec 2020 14:13:11 GMT | INFO  | Connected to database
Tue, 08 Dec 2020 14:13:26 GMT | INFO  | Server is running on port: 3000
Tue, 08 Dec 2020 14:13:26 GMT | INFO  | Connected to database
Tue, 08 Dec 2020 14:13:45 GMT | INFO  | Server is running on port: 3000
Tue, 08 Dec 2020 14:13:45 GMT | INFO  | Connected to database
Tue, 08 Dec 2020 14:15:00 GMT | INFO  | Server is running on port: 3000
Tue, 08 Dec 2020 14:15:00 GMT | INFO  | Connected to database
Tue, 08 Dec 2020 14:15:25 GMT | INFO  | Server is running on port: 3000
Tue, 08 Dec 2020 14:15:25 GMT | INFO  | Connected to database
Tue, 08 Dec 2020 14:15:31 GMT | INFO  | Server is running on port: 3000
Tue, 08 Dec 2020 14:15:31 GMT | INFO  | Connected to database
Tue, 08 Dec 2020 14:15:38 GMT | INFO  | Server is running on port: 3000
Tue, 08 Dec 2020 14:15:38 GMT | INFO  | Connected to database
Tue, 08 Dec 2020 14:16:01 GMT | INFO  | Server is running on port: 3000
Tue, 08 Dec 2020 14:16:01 GMT | INFO  | Connected to database
Tue, 08 Dec 2020 14:16:09 GMT | INFO  | Server is running on port: 3000
Tue, 08 Dec 2020 14:16:09 GMT | INFO  | Connected to database
Tue, 08 Dec 2020 14:16:48 GMT | INFO  | Server is running on port: 3000
Tue, 08 Dec 2020 14:16:48 GMT | INFO  | Connected to database
Tue, 08 Dec 2020 14:17:00 GMT | INFO  | Server is running on port: 3000
Tue, 08 Dec 2020 14:17:00 GMT | INFO  | Connected to database
Tue, 08 Dec 2020 14:17:15 GMT | INFO  | Server is running on port: 3000
Tue, 08 Dec 2020 14:17:15 GMT | INFO  | Connected to database
Tue, 08 Dec 2020 14:18:28 GMT | INFO  | Server is running on port: 3000
Tue, 08 Dec 2020 14:18:28 GMT | INFO  | Connected to database
Tue, 08 Dec 2020 14:19:10 GMT | INFO  | Server is running on port: 3000
Tue, 08 Dec 2020 14:19:10 GMT | INFO  | Connected to database
Tue, 08 Dec 2020 14:19:53 GMT | INFO  | Server is running on port: 3000
Tue, 08 Dec 2020 14:19:53 GMT | INFO  | Connected to database
Tue, 08 Dec 2020 14:20:16 GMT | INFO  | Server is running on port: 3000
Tue, 08 Dec 2020 14:20:16 GMT | INFO  | Connected to database
Tue, 08 Dec 2020 14:22:42 GMT | INFO  | Server is running on port: 3000
Tue, 08 Dec 2020 14:22:42 GMT | INFO  | Connected to database
Tue, 08 Dec 2020 14:23:31 GMT | INFO  | Server is running on port: 3000
Tue, 08 Dec 2020 14:23:31 GMT | INFO  | Connected to database
Tue, 08 Dec 2020 14:23:51 GMT | INFO  | Server is running on port: 3000
Tue, 08 Dec 2020 14:23:51 GMT | INFO  | Connected to database
Tue, 08 Dec 2020 14:24:00 GMT | INFO  | Server is running on port: 3000
Tue, 08 Dec 2020 14:24:00 GMT | INFO  | Connected to database
Tue, 08 Dec 2020 14:24:46 GMT | INFO  | Server is running on port: 3000
Tue, 08 Dec 2020 14:24:46 GMT | INFO  | Connected to database
Tue, 08 Dec 2020 14:24:52 GMT | INFO  | Server is running on port: 3000
Tue, 08 Dec 2020 14:24:52 GMT | INFO  | Connected to database
Tue, 08 Dec 2020 14:25:57 GMT | INFO  | Server is running on port: 3000
Tue, 08 Dec 2020 14:25:57 GMT | INFO  | Connected to database
Tue, 08 Dec 2020 14:26:20 GMT | INFO  | Server is running on port: 3000
Tue, 08 Dec 2020 14:26:20 GMT | INFO  | Connected to database
Tue, 08 Dec 2020 14:26:30 GMT | INFO  | Server is running on port: 3000
Tue, 08 Dec 2020 14:26:30 GMT | INFO  | Connected to database
Tue, 08 Dec 2020 14:26:44 GMT | INFO  | Server is running on port: 3000
Tue, 08 Dec 2020 14:26:44 GMT | INFO  | Connected to database
Tue, 08 Dec 2020 14:26:50 GMT | INFO  | Server is running on port: 3000
Tue, 08 Dec 2020 14:26:50 GMT | INFO  | Connected to database
Tue, 08 Dec 2020 14:26:55 GMT | INFO  | Server is running on port: 3000
Tue, 08 Dec 2020 14:26:55 GMT | INFO  | Connected to database
Tue, 08 Dec 2020 14:27:00 GMT | INFO  | Server is running on port: 3000
Tue, 08 Dec 2020 14:27:00 GMT | INFO  | Connected to database
Tue, 08 Dec 2020 14:27:11 GMT | INFO  | Server is running on port: 3000
Tue, 08 Dec 2020 14:27:11 GMT | INFO  | Connected to database
Tue, 08 Dec 2020 14:27:17 GMT | INFO  | Server is running on port: 3000
Tue, 08 Dec 2020 14:27:17 GMT | INFO  | Connected to database
Tue, 08 Dec 2020 14:27:21 GMT | INFO  | Server is running on port: 3000
Tue, 08 Dec 2020 14:27:21 GMT | INFO  | Connected to database
Tue, 08 Dec 2020 14:27:29 GMT | INFO  | Server is running on port: 3000
Tue, 08 Dec 2020 14:27:29 GMT | INFO  | Connected to database
Tue, 08 Dec 2020 14:27:36 GMT | INFO  | Server is running on port: 3000
Tue, 08 Dec 2020 14:27:36 GMT | INFO  | Connected to database
Tue, 08 Dec 2020 14:27:40 GMT | INFO  | Server is running on port: 3000
Tue, 08 Dec 2020 14:27:40 GMT | INFO  | Connected to database
Tue, 08 Dec 2020 14:27:43 GMT | INFO  | Server is running on port: 3000
Tue, 08 Dec 2020 14:27:43 GMT | INFO  | Connected to database
Tue, 08 Dec 2020 14:28:31 GMT | INFO  | Server is running on port: 3000
Tue, 08 Dec 2020 14:28:31 GMT | INFO  | Connected to database
Tue, 08 Dec 2020 14:31:36 GMT | INFO  | Server is running on port: 3000
Tue, 08 Dec 2020 14:31:36 GMT | INFO  | Connected to database
Sat, 12 Dec 2020 13:26:11 GMT | INFO  | Server is running on port: 3000
Sat, 12 Dec 2020 13:26:11 GMT | INFO  | Connected to database
Sat, 12 Dec 2020 13:27:21 GMT | INFO  | Server is running on port: 3000
Sat, 12 Dec 2020 13:27:21 GMT | INFO  | Connected to database
Sat, 12 Dec 2020 13:29:18 GMT | INFO  | Server is running on port: 3000
Sat, 12 Dec 2020 13:29:18 GMT | INFO  | Connected to database
Sat, 12 Dec 2020 13:31:11 GMT | INFO  | Server is running on port: 3000
Sat, 12 Dec 2020 13:31:11 GMT | INFO  | Connected to database
Sat, 12 Dec 2020 13:31:29 GMT | INFO  | Server is running on port: 3000
Sat, 12 Dec 2020 13:31:30 GMT | INFO  | Connected to database
Sat, 12 Dec 2020 13:31:43 GMT | INFO  | Server is running on port: 3000
Sat, 12 Dec 2020 13:31:43 GMT | INFO  | Connected to database
Sat, 12 Dec 2020 13:32:08 GMT | INFO  | Server is running on port: 3000
Sat, 12 Dec 2020 13:32:08 GMT | INFO  | Connected to database
Sat, 12 Dec 2020 13:32:26 GMT | INFO  | Server is running on port: 3000
Sat, 12 Dec 2020 13:32:26 GMT | INFO  | Connected to database
Sat, 12 Dec 2020 13:33:04 GMT | INFO  | Server is running on port: 3000
Sat, 12 Dec 2020 13:33:04 GMT | INFO  | Connected to database
Sat, 12 Dec 2020 13:33:31 GMT | INFO  | Server is running on port: 3000
Sat, 12 Dec 2020 13:33:31 GMT | INFO  | Connected to database
Sat, 12 Dec 2020 13:33:42 GMT | INFO  | Server is running on port: 3000
Sat, 12 Dec 2020 13:33:42 GMT | INFO  | Connected to database
Sat, 12 Dec 2020 13:33:46 GMT | INFO  | Server is running on port: 3000
Sat, 12 Dec 2020 13:33:46 GMT | INFO  | Connected to database
Sat, 12 Dec 2020 13:34:05 GMT | INFO  | Server is running on port: 3000
Sat, 12 Dec 2020 13:34:05 GMT | INFO  | Connected to database
Sat, 12 Dec 2020 13:34:13 GMT | INFO  | Server is running on port: 3000
Sat, 12 Dec 2020 13:34:13 GMT | INFO  | Connected to database
Sat, 12 Dec 2020 13:34:57 GMT | INFO  | Server is running on port: 3000
Sat, 12 Dec 2020 13:34:57 GMT | INFO  | Connected to database
Sat, 12 Dec 2020 13:35:33 GMT | INFO  | Server is running on port: 3000
Sat, 12 Dec 2020 13:35:33 GMT | INFO  | Connected to database
Sat, 12 Dec 2020 13:35:58 GMT | INFO  | Server is running on port: 3000
Sat, 12 Dec 2020 13:35:58 GMT | INFO  | Connected to database
Sat, 12 Dec 2020 13:36:20 GMT | INFO  | Server is running on port: 3000
Sat, 12 Dec 2020 13:36:20 GMT | INFO  | Connected to database
Sat, 12 Dec 2020 13:37:03 GMT | INFO  | Server is running on port: 3000
Sat, 12 Dec 2020 13:37:03 GMT | INFO  | Connected to database
Sat, 12 Dec 2020 13:37:20 GMT | INFO  | Server is running on port: 3000
Sat, 12 Dec 2020 13:37:20 GMT | INFO  | Connected to database
Sat, 12 Dec 2020 13:37:34 GMT | INFO  | Server is running on port: 3000
Sat, 12 Dec 2020 13:37:34 GMT | INFO  | Connected to database
Sat, 12 Dec 2020 13:38:30 GMT | INFO  | Server is running on port: 3000
Sat, 12 Dec 2020 13:38:30 GMT | INFO  | Connected to database
Sat, 12 Dec 2020 13:39:17 GMT | INFO  | Server is running on port: 3000
Sat, 12 Dec 2020 13:39:17 GMT | INFO  | Connected to database
Sat, 12 Dec 2020 13:40:11 GMT | INFO  | Server is running on port: 3000
Sat, 12 Dec 2020 13:40:11 GMT | INFO  | Connected to database
Sat, 12 Dec 2020 13:40:13 GMT | INFO  | Server is running on port: 3000
Sat, 12 Dec 2020 13:40:13 GMT | INFO  | Connected to database
Sat, 12 Dec 2020 13:40:39 GMT | INFO  | Server is running on port: 3000
Sat, 12 Dec 2020 13:40:39 GMT | INFO  | Connected to database
Sat, 12 Dec 2020 13:40:50 GMT | INFO  | Server is running on port: 3000
Sat, 12 Dec 2020 13:40:51 GMT | INFO  | Connected to database
Sat, 12 Dec 2020 13:42:06 GMT | INFO  | Server is running on port: 3000
Sat, 12 Dec 2020 13:42:06 GMT | INFO  | Connected to database
Sat, 12 Dec 2020 13:43:06 GMT | INFO  | Server is running on port: 3000
Sat, 12 Dec 2020 13:43:06 GMT | INFO  | Connected to database
Sat, 12 Dec 2020 13:43:56 GMT | INFO  | Server is running on port: 3000
Sat, 12 Dec 2020 13:43:56 GMT | INFO  | Connected to database
Sat, 12 Dec 2020 13:48:13 GMT | INFO  | Server is running on port: 3000
Sat, 12 Dec 2020 13:48:13 GMT | INFO  | Connected to database
Sat, 12 Dec 2020 13:48:38 GMT | INFO  | Server is running on port: 3000
Sat, 12 Dec 2020 13:48:39 GMT | INFO  | Connected to database
Sat, 12 Dec 2020 13:49:09 GMT | INFO  | Server is running on port: 3000
Sat, 12 Dec 2020 13:49:09 GMT | INFO  | Connected to database
Sat, 12 Dec 2020 13:49:22 GMT | INFO  | Server is running on port: 3000
Sat, 12 Dec 2020 13:49:22 GMT | INFO  | Connected to database
Sat, 12 Dec 2020 13:49:30 GMT | INFO  | Server is running on port: 3000
Sat, 12 Dec 2020 13:49:30 GMT | INFO  | Connected to database
Sat, 12 Dec 2020 13:49:38 GMT | INFO  | Server is running on port: 3000
Sat, 12 Dec 2020 13:49:38 GMT | INFO  | Connected to database
Sat, 12 Dec 2020 13:49:47 GMT | INFO  | Server is running on port: 3000
Sat, 12 Dec 2020 13:49:47 GMT | INFO  | Connected to database
Sat, 12 Dec 2020 13:52:43 GMT | INFO  | Server is running on port: 3000
Sat, 12 Dec 2020 13:52:43 GMT | INFO  | Connected to database
Sat, 12 Dec 2020 13:57:27 GMT | INFO  | Server is running on port: 3000
Sat, 12 Dec 2020 13:57:27 GMT | INFO  | Connected to database
Sat, 12 Dec 2020 13:57:41 GMT | INFO  | Server is running on port: 3000
Sat, 12 Dec 2020 13:57:41 GMT | INFO  | Connected to database
Sat, 12 Dec 2020 14:01:41 GMT | INFO  | Server is running on port: 3000
Sat, 12 Dec 2020 14:01:41 GMT | INFO  | Connected to database
Sat, 12 Dec 2020 14:01:51 GMT | INFO  | Server is running on port: 3000
Sat, 12 Dec 2020 14:01:51 GMT | INFO  | Connected to database
Sat, 12 Dec 2020 14:03:20 GMT | INFO  | Server is running on port: 3000
Sat, 12 Dec 2020 14:03:20 GMT | INFO  | Connected to database
Sat, 12 Dec 2020 14:03:57 GMT | INFO  | Server is running on port: 3000
Sat, 12 Dec 2020 14:03:57 GMT | INFO  | Connected to database
Sat, 12 Dec 2020 14:04:28 GMT | INFO  | Server is running on port: 3000
Sat, 12 Dec 2020 14:04:28 GMT | INFO  | Connected to database
Sat, 12 Dec 2020 14:08:09 GMT | INFO  | Server is running on port: 3000
Sat, 12 Dec 2020 14:08:09 GMT | INFO  | Connected to database
Sat, 12 Dec 2020 14:08:32 GMT | INFO  | Server is running on port: 3000
Sat, 12 Dec 2020 14:08:32 GMT | INFO  | Connected to database
Sat, 12 Dec 2020 14:09:16 GMT | INFO  | Server is running on port: 3000
Sat, 12 Dec 2020 14:09:16 GMT | INFO  | Connected to database
Sat, 12 Dec 2020 14:09:28 GMT | INFO  | Server is running on port: 3000
Sat, 12 Dec 2020 14:09:28 GMT | INFO  | Connected to database
Sat, 12 Dec 2020 14:10:16 GMT | INFO  | Server is running on port: 3000
Sat, 12 Dec 2020 14:10:16 GMT | INFO  | Connected to database
Sat, 12 Dec 2020 14:11:13 GMT | INFO  | Server is running on port: 3000
Sat, 12 Dec 2020 14:11:13 GMT | INFO  | Connected to database
Sat, 12 Dec 2020 14:15:04 GMT | INFO  | Server is running on port: 3000
Sat, 12 Dec 2020 14:15:04 GMT | INFO  | Connected to database
Sat, 12 Dec 2020 14:15:22 GMT | INFO  | Server is running on port: 3000
Sat, 12 Dec 2020 14:15:22 GMT | INFO  | Connected to database
Sat, 12 Dec 2020 14:15:29 GMT | INFO  | Server is running on port: 3000
Sat, 12 Dec 2020 14:15:29 GMT | INFO  | Connected to database
Sat, 12 Dec 2020 14:15:37 GMT | INFO  | Server is running on port: 3000
Sat, 12 Dec 2020 14:15:37 GMT | INFO  | Connected to database
Sat, 12 Dec 2020 14:16:00 GMT | INFO  | Server is running on port: 3000
Sat, 12 Dec 2020 14:16:00 GMT | INFO  | Connected to database
Sat, 12 Dec 2020 14:18:05 GMT | INFO  | Server is running on port: 3000
Sat, 12 Dec 2020 14:18:06 GMT | INFO  | Connected to database
Sat, 12 Dec 2020 14:20:01 GMT | INFO  | Server is running on port: 3000
Sat, 12 Dec 2020 14:20:01 GMT | INFO  | Connected to database
Sat, 12 Dec 2020 14:20:30 GMT | INFO  | Server is running on port: 3000
Sat, 12 Dec 2020 14:20:30 GMT | INFO  | Connected to database
Sat, 12 Dec 2020 14:20:48 GMT | INFO  | Server is running on port: 3000
Sat, 12 Dec 2020 14:20:48 GMT | INFO  | Connected to database
Sat, 12 Dec 2020 14:21:11 GMT | INFO  | Server is running on port: 3000
Sat, 12 Dec 2020 14:21:11 GMT | INFO  | Connected to database
Sat, 12 Dec 2020 14:21:58 GMT | INFO  | Server is running on port: 3000
Sat, 12 Dec 2020 14:21:58 GMT | INFO  | Connected to database
Sat, 12 Dec 2020 14:22:09 GMT | INFO  | Server is running on port: 3000
Sat, 12 Dec 2020 14:22:09 GMT | INFO  | Connected to database
Sat, 12 Dec 2020 14:23:23 GMT | INFO  | Server is running on port: 3000
Sat, 12 Dec 2020 14:23:23 GMT | INFO  | Connected to database
Sat, 12 Dec 2020 14:24:49 GMT | INFO  | Server is running on port: 3000
Sat, 12 Dec 2020 14:24:49 GMT | INFO  | Connected to database
Sat, 12 Dec 2020 14:26:26 GMT | INFO  | Server is running on port: 3000
Sat, 12 Dec 2020 14:26:26 GMT | INFO  | Connected to database
Sat, 12 Dec 2020 14:27:48 GMT | INFO  | Server is running on port: 3000
Sat, 12 Dec 2020 14:27:48 GMT | INFO  | Connected to database
Sat, 12 Dec 2020 14:28:13 GMT | INFO  | Server is running on port: 3000
Sat, 12 Dec 2020 14:28:13 GMT | INFO  | Connected to database
Sat, 12 Dec 2020 14:28:19 GMT | INFO  | Server is running on port: 3000
Sat, 12 Dec 2020 14:28:19 GMT | INFO  | Connected to database
Sat, 12 Dec 2020 14:29:20 GMT | INFO  | Server is running on port: 3000
Sat, 12 Dec 2020 14:29:20 GMT | INFO  | Connected to database
Sat, 12 Dec 2020 14:29:49 GMT | INFO  | Server is running on port: 3000
Sat, 12 Dec 2020 14:29:49 GMT | INFO  | Connected to database
Sat, 12 Dec 2020 14:30:05 GMT | INFO  | Server is running on port: 3000
Sat, 12 Dec 2020 14:30:05 GMT | INFO  | Connected to database
Sat, 12 Dec 2020 14:30:23 GMT | INFO  | Server is running on port: 3000
Sat, 12 Dec 2020 14:30:23 GMT | INFO  | Connected to database
Sat, 12 Dec 2020 14:31:24 GMT | INFO  | Server is running on port: 3000
Sat, 12 Dec 2020 14:31:24 GMT | INFO  | Connected to database
Sat, 12 Dec 2020 14:31:27 GMT | INFO  | Server is running on port: 3000
Sat, 12 Dec 2020 14:31:27 GMT | INFO  | Connected to database
Sat, 12 Dec 2020 14:33:17 GMT | INFO  | Server is running on port: 3000
Sat, 12 Dec 2020 14:33:17 GMT | INFO  | Connected to database
Sat, 12 Dec 2020 14:34:14 GMT | INFO  | Server is running on port: 3000
Sat, 12 Dec 2020 14:34:14 GMT | INFO  | Connected to database
Sat, 12 Dec 2020 14:34:34 GMT | INFO  | Server is running on port: 3000
Sat, 12 Dec 2020 14:34:34 GMT | INFO  | Connected to database
Sat, 12 Dec 2020 14:34:48 GMT | INFO  | Server is running on port: 3000
Sat, 12 Dec 2020 14:34:48 GMT | INFO  | Connected to database
Sat, 12 Dec 2020 14:35:03 GMT | INFO  | Server is running on port: 3000
Sat, 12 Dec 2020 14:35:03 GMT | INFO  | Connected to database
Sat, 12 Dec 2020 14:35:50 GMT | INFO  | Server is running on port: 3000
Sat, 12 Dec 2020 14:35:50 GMT | INFO  | Connected to database
Sat, 12 Dec 2020 14:36:00 GMT | INFO  | Server is running on port: 3000
Sat, 12 Dec 2020 14:36:00 GMT | INFO  | Connected to database
Sat, 12 Dec 2020 14:38:19 GMT | INFO  | Server is running on port: 3000
Sat, 12 Dec 2020 14:38:19 GMT | INFO  | Connected to database
Sat, 12 Dec 2020 14:38:44 GMT | INFO  | Server is running on port: 3000
Sat, 12 Dec 2020 14:38:44 GMT | INFO  | Connected to database
Sat, 12 Dec 2020 14:39:46 GMT | INFO  | Server is running on port: 3000
Sat, 12 Dec 2020 14:39:46 GMT | INFO  | Connected to database
Sat, 12 Dec 2020 14:40:30 GMT | INFO  | Server is running on port: 3000
Sat, 12 Dec 2020 14:40:30 GMT | INFO  | Connected to database
Sat, 12 Dec 2020 14:42:33 GMT | INFO  | Server is running on port: 3000
Sat, 12 Dec 2020 14:42:33 GMT | INFO  | Connected to database
Sat, 12 Dec 2020 14:42:49 GMT | INFO  | Server is running on port: 3000
Sat, 12 Dec 2020 14:42:49 GMT | INFO  | Connected to database
Sat, 12 Dec 2020 14:43:10 GMT | INFO  | Server is running on port: 3000
Sat, 12 Dec 2020 14:43:10 GMT | INFO  | Connected to database
Sat, 12 Dec 2020 14:43:48 GMT | INFO  | Server is running on port: 3000
Sat, 12 Dec 2020 14:43:48 GMT | INFO  | Connected to database
Sat, 12 Dec 2020 14:43:56 GMT | INFO  | Server is running on port: 3000
Sat, 12 Dec 2020 14:43:56 GMT | INFO  | Connected to database
Sat, 12 Dec 2020 14:44:23 GMT | INFO  | Server is running on port: 3000
Sat, 12 Dec 2020 14:44:23 GMT | INFO  | Connected to database
Sat, 12 Dec 2020 14:45:35 GMT | INFO  | Server is running on port: 3000
Sat, 12 Dec 2020 14:45:35 GMT | INFO  | Connected to database
Sat, 12 Dec 2020 14:47:09 GMT | INFO  | Server is running on port: 3000
Sat, 12 Dec 2020 14:47:09 GMT | INFO  | Connected to database
Sat, 12 Dec 2020 14:47:21 GMT | INFO  | Server is running on port: 3000
Sat, 12 Dec 2020 14:47:21 GMT | INFO  | Connected to database
Sat, 12 Dec 2020 14:47:38 GMT | INFO  | Server is running on port: 3000
Sat, 12 Dec 2020 14:47:38 GMT | INFO  | Connected to database
Sat, 12 Dec 2020 14:49:47 GMT | INFO  | Server is running on port: 3000
Sat, 12 Dec 2020 14:49:47 GMT | INFO  | Connected to database
Sat, 12 Dec 2020 14:51:17 GMT | INFO  | Server is running on port: 3000
Sat, 12 Dec 2020 14:51:17 GMT | INFO  | Connected to database
Sat, 12 Dec 2020 14:51:41 GMT | INFO  | Server is running on port: 3000
Sat, 12 Dec 2020 14:51:41 GMT | INFO  | Connected to database
Sat, 12 Dec 2020 14:52:13 GMT | INFO  | Server is running on port: 3000
Sat, 12 Dec 2020 14:52:13 GMT | INFO  | Connected to database
Sat, 12 Dec 2020 14:52:21 GMT | INFO  | Server is running on port: 3000
Sat, 12 Dec 2020 14:52:22 GMT | INFO  | Connected to database
Sat, 12 Dec 2020 14:52:54 GMT | INFO  | Server is running on port: 3000
Sat, 12 Dec 2020 14:52:54 GMT | INFO  | Connected to database
Sat, 12 Dec 2020 14:53:56 GMT | INFO  | Server is running on port: 3000
Sat, 12 Dec 2020 14:53:56 GMT | INFO  | Connected to database
Sat, 12 Dec 2020 14:54:00 GMT | INFO  | Server is running on port: 3000
Sat, 12 Dec 2020 14:54:00 GMT | INFO  | Connected to database
Sat, 12 Dec 2020 14:54:29 GMT | INFO  | Server is running on port: 3000
Sat, 12 Dec 2020 14:54:29 GMT | INFO  | Connected to database
Sat, 12 Dec 2020 14:54:53 GMT | INFO  | Server is running on port: 3000
Sat, 12 Dec 2020 14:54:53 GMT | INFO  | Connected to database
Sat, 12 Dec 2020 14:57:34 GMT | INFO  | Server is running on port: 3000
Sat, 12 Dec 2020 14:57:34 GMT | INFO  | Connected to database
Sat, 12 Dec 2020 14:59:09 GMT | INFO  | Server is running on port: 3000
Sat, 12 Dec 2020 14:59:09 GMT | INFO  | Connected to database
Sat, 12 Dec 2020 14:59:14 GMT | INFO  | Server is running on port: 3000
Sat, 12 Dec 2020 14:59:14 GMT | INFO  | Connected to database
Sat, 12 Dec 2020 14:59:46 GMT | INFO  | Server is running on port: 3000
Sat, 12 Dec 2020 14:59:46 GMT | INFO  | Connected to database
Sat, 12 Dec 2020 15:00:14 GMT | INFO  | Server is running on port: 3000
Sat, 12 Dec 2020 15:00:14 GMT | INFO  | Connected to database
Sat, 12 Dec 2020 15:00:45 GMT | INFO  | Server is running on port: 3000
Sat, 12 Dec 2020 15:00:45 GMT | INFO  | Connected to database
Sat, 12 Dec 2020 15:02:30 GMT | INFO  | Server is running on port: 3000
Sat, 12 Dec 2020 15:02:30 GMT | INFO  | Connected to database
Sat, 12 Dec 2020 15:02:43 GMT | INFO  | Server is running on port: 3000
Sat, 12 Dec 2020 15:02:43 GMT | INFO  | Connected to database
Sat, 12 Dec 2020 15:04:46 GMT | INFO  | Server is running on port: 3000
Sat, 12 Dec 2020 15:04:46 GMT | INFO  | Connected to database
Sat, 12 Dec 2020 15:05:11 GMT | INFO  | Server is running on port: 3000
Sat, 12 Dec 2020 15:05:11 GMT | INFO  | Connected to database
Sat, 12 Dec 2020 15:05:45 GMT | INFO  | Server is running on port: 3000
Sat, 12 Dec 2020 15:05:45 GMT | INFO  | Connected to database
Sat, 12 Dec 2020 15:06:10 GMT | INFO  | Server is running on port: 3000
Sat, 12 Dec 2020 15:06:10 GMT | INFO  | Connected to database
Sat, 12 Dec 2020 15:06:50 GMT | INFO  | Server is running on port: 3000
Sat, 12 Dec 2020 15:06:50 GMT | INFO  | Connected to database
Sat, 12 Dec 2020 15:07:11 GMT | INFO  | Server is running on port: 3000
Sat, 12 Dec 2020 15:07:11 GMT | INFO  | Connected to database
Sat, 12 Dec 2020 15:08:11 GMT | INFO  | Server is running on port: 3000
Sat, 12 Dec 2020 15:08:11 GMT | INFO  | Connected to database
Sat, 12 Dec 2020 15:08:38 GMT | INFO  | Server is running on port: 3000
Sat, 12 Dec 2020 15:08:38 GMT | INFO  | Connected to database
Sat, 12 Dec 2020 15:08:45 GMT | INFO  | Server is running on port: 3000
Sat, 12 Dec 2020 15:08:45 GMT | INFO  | Connected to database
Sat, 12 Dec 2020 15:09:13 GMT | INFO  | Server is running on port: 3000
Sat, 12 Dec 2020 15:09:13 GMT | INFO  | Connected to database
Sat, 12 Dec 2020 15:40:11 GMT | INFO  | Server is running on port: 3000
Sat, 12 Dec 2020 15:40:11 GMT | INFO  | Connected to database
Sat, 12 Dec 2020 15:42:34 GMT | INFO  | Server is running on port: 3000
Sat, 12 Dec 2020 15:42:34 GMT | INFO  | Connected to database
Sat, 12 Dec 2020 16:40:49 GMT | INFO  | Server is running on port: 3000
Sat, 12 Dec 2020 16:40:49 GMT | INFO  | Connected to database
Sat, 12 Dec 2020 16:53:04 GMT | INFO  | Server is running on port: 3000
Sat, 12 Dec 2020 16:53:04 GMT | INFO  | Connected to database
Sat, 12 Dec 2020 16:54:02 GMT | INFO  | Server is running on port: 3000
Sat, 12 Dec 2020 16:54:02 GMT | INFO  | Connected to database
Sat, 12 Dec 2020 16:54:36 GMT | INFO  | Server is running on port: 3000
Sat, 12 Dec 2020 16:54:36 GMT | INFO  | Connected to database
Sat, 12 Dec 2020 16:56:48 GMT | INFO  | Server is running on port: 3000
Sat, 12 Dec 2020 16:56:48 GMT | INFO  | Connected to database
Sat, 12 Dec 2020 16:57:19 GMT | INFO  | Server is running on port: 3000
Sat, 12 Dec 2020 16:57:19 GMT | INFO  | Connected to database
Sun, 13 Dec 2020 14:02:50 GMT | INFO  | Server is running on port: 3000
Sun, 13 Dec 2020 14:02:50 GMT | INFO  | Connected to database
Sun, 13 Dec 2020 14:04:19 GMT | INFO  | Server is running on port: 3000
Sun, 13 Dec 2020 14:04:19 GMT | INFO  | Connected to database
Sun, 13 Dec 2020 14:05:09 GMT | INFO  | Server is running on port: 3000
Sun, 13 Dec 2020 14:05:09 GMT | INFO  | Connected to database
Sun, 13 Dec 2020 14:05:19 GMT | INFO  | Server is running on port: 3000
Sun, 13 Dec 2020 14:05:19 GMT | INFO  | Connected to database
Sun, 13 Dec 2020 14:06:46 GMT | INFO  | Server is running on port: 3000
Sun, 13 Dec 2020 14:06:46 GMT | INFO  | Connected to database
Sun, 13 Dec 2020 14:08:26 GMT | INFO  | Server is running on port: 3000
Sun, 13 Dec 2020 14:08:26 GMT | INFO  | Connected to database
Sun, 13 Dec 2020 14:09:30 GMT | INFO  | Server is running on port: 3000
Sun, 13 Dec 2020 14:09:30 GMT | INFO  | Connected to database
Sun, 13 Dec 2020 14:10:48 GMT | INFO  | Server is running on port: 3000
Sun, 13 Dec 2020 14:10:48 GMT | INFO  | Connected to database
Sun, 13 Dec 2020 14:11:07 GMT | INFO  | Server is running on port: 3000
Sun, 13 Dec 2020 14:11:07 GMT | INFO  | Connected to database
Sun, 13 Dec 2020 14:11:25 GMT | INFO  | Server is running on port: 3000
Sun, 13 Dec 2020 14:11:25 GMT | INFO  | Connected to database
Sun, 13 Dec 2020 14:12:47 GMT | INFO  | Server is running on port: 3000
Sun, 13 Dec 2020 14:12:47 GMT | INFO  | Connected to database
Sun, 13 Dec 2020 14:17:37 GMT | INFO  | Server is running on port: 3000
Sun, 13 Dec 2020 14:17:37 GMT | INFO  | Connected to database
Sun, 13 Dec 2020 14:22:25 GMT | INFO  | Server is running on port: 3000
Sun, 13 Dec 2020 14:22:25 GMT | INFO  | Connected to database
Sun, 13 Dec 2020 14:22:33 GMT | INFO  | Server is running on port: 3000
Sun, 13 Dec 2020 14:22:33 GMT | INFO  | Connected to database
Sun, 13 Dec 2020 14:24:47 GMT | INFO  | Server is running on port: 3000
Sun, 13 Dec 2020 14:24:47 GMT | INFO  | Connected to database
Sun, 13 Dec 2020 14:25:32 GMT | INFO  | Server is running on port: 3000
Sun, 13 Dec 2020 14:25:32 GMT | INFO  | Connected to database
Fri, 18 Dec 2020 08:40:23 GMT | INFO  | Server is running on port: 3000
Fri, 18 Dec 2020 08:40:23 GMT | INFO  | Connected to database
Fri, 18 Dec 2020 08:50:47 GMT | INFO  | Server is running on port: 3000
Fri, 18 Dec 2020 08:50:47 GMT | INFO  | Connected to database
Fri, 18 Dec 2020 08:51:03 GMT | INFO  | Server is running on port: 3000
Fri, 18 Dec 2020 08:51:03 GMT | INFO  | Connected to database
Fri, 18 Dec 2020 08:51:55 GMT | INFO  | Server is running on port: 3000
Fri, 18 Dec 2020 08:51:55 GMT | INFO  | Connected to database
Fri, 18 Dec 2020 08:52:27 GMT | INFO  | Server is running on port: 3000
Fri, 18 Dec 2020 08:52:27 GMT | INFO  | Connected to database
Fri, 18 Dec 2020 08:55:21 GMT | INFO  | Server is running on port: 3000
Fri, 18 Dec 2020 08:55:21 GMT | INFO  | Connected to database
Fri, 18 Dec 2020 10:21:22 GMT | INFO  | Server is running on port: 3000
Fri, 18 Dec 2020 10:21:34 GMT | INFO  | Server is running on port: 3000
Fri, 18 Dec 2020 10:30:48 GMT | INFO  | Server is running on port: 3000
Fri, 18 Dec 2020 10:30:48 GMT | INFO  | Connected to database
Fri, 18 Dec 2020 10:32:48 GMT | INFO  | Server is running on port: 3000
Fri, 18 Dec 2020 10:32:49 GMT | INFO  | Connected to database
Fri, 18 Dec 2020 10:40:47 GMT | INFO  | Server is running on port: 3000
Fri, 18 Dec 2020 10:40:47 GMT | INFO  | Connected to database
Fri, 18 Dec 2020 10:44:10 GMT | INFO  | Server is running on port: 3000
Fri, 18 Dec 2020 10:44:10 GMT | INFO  | Connected to database
Fri, 18 Dec 2020 10:44:53 GMT | INFO  | Server is running on port: 3000
Fri, 18 Dec 2020 10:44:53 GMT | INFO  | Connected to database
Fri, 18 Dec 2020 10:46:20 GMT | INFO  | Server is running on port: 3000
Fri, 18 Dec 2020 10:46:20 GMT | INFO  | Connected to database
Fri, 18 Dec 2020 10:46:52 GMT | INFO  | Server is running on port: 3000
Fri, 18 Dec 2020 10:46:52 GMT | INFO  | Connected to database
